# JRE version: Java(TM) SE Runtime Environment (8.0_202-b08) (build 1.8.0_202-b08)
# Java VM: Java HotSpot(TM) 64-Bit Server VM (25.202-b08 mixed mode windows-amd64 compressed oops)
Heap:
 PSYoungGen      total 372736K, used 134331K [0x00000000d5c00000, 0x00000000f6b80000, 0x0000000100000000)
  eden space 351232K, 38% used [0x00000000d5c00000,0x00000000ddf2ec38,0x00000000eb300000)
  from space 21504K, 0% used [0x00000000eb300000,0x00000000eb300000,0x00000000ec800000)
  to   space 20992K, 0% used [0x00000000f5700000,0x00000000f5700000,0x00000000f6b80000)
 ParOldGen       total 96256K, used 28454K [0x0000000081400000, 0x0000000087200000, 0x00000000d5c00000)
  object space 96256K, 29% used [0x0000000081400000,0x0000000082fc9850,0x0000000087200000)
 Metaspace       used 62711K, capacity 65708K, committed 65792K, reserved 1105920K
  class space    used 8661K, capacity 9194K, committed 9216K, reserved 1048576K
GC Heap History (10 events):
Event: 2.989 GC heap before
{Heap before GC invocations=10 (full 1):
 PSYoungGen      total 254976K, used 120683K [0x00000000d5c00000, 0x00000000e6580000, 0x0000000100000000)
  eden space 244224K, 45% used [0x00000000d5c00000,0x00000000dc75f850,0x00000000e4a80000)
  from space 10752K, 99% used [0x00000000e5900000,0x00000000e637b3c0,0x00000000e6380000)
  to   space 13824K, 0% used [0x00000000e4a80000,0x00000000e4a80000,0x00000000e5800000)
 ParOldGen       total 47104K, used 9200K [0x0000000081400000, 0x0000000084200000, 0x00000000d5c00000)
  object space 47104K, 19% used [0x0000000081400000,0x0000000081cfc1e0,0x0000000084200000)
 Metaspace       used 33594K, capacity 35380K, committed 35496K, reserved 1079296K
  class space    used 4430K, capacity 4794K, committed 4864K, reserved 1048576K
Event: 2.997 GC heap after
Heap after GC invocations=10 (full 1):
 PSYoungGen      total 258048K, used 12749K [0x00000000d5c00000, 0x00000000edd00000, 0x0000000100000000)
  eden space 244224K, 0% used [0x00000000d5c00000,0x00000000d5c00000,0x00000000e4a80000)
  from space 13824K, 92% used [0x00000000e4a80000,0x00000000e56f37b8,0x00000000e5800000)
  to   space 15360K, 0% used [0x00000000ece00000,0x00000000ece00000,0x00000000edd00000)
 ParOldGen       total 47104K, used 9208K [0x0000000081400000, 0x0000000084200000, 0x00000000d5c00000)
  object space 47104K, 19% used [0x0000000081400000,0x0000000081cfe1e0,0x0000000084200000)
 Metaspace       used 33594K, capacity 35380K, committed 35496K, reserved 1079296K
  class space    used 4430K, capacity 4794K, committed 4864K, reserved 1048576K
}
Event: 2.997 GC heap before
{Heap before GC invocations=11 (full 2):
 PSYoungGen      total 258048K, used 12749K [0x00000000d5c00000, 0x00000000edd00000, 0x0000000100000000)
  eden space 244224K, 0% used [0x00000000d5c00000,0x00000000d5c00000,0x00000000e4a80000)
  from space 13824K, 92% used [0x00000000e4a80000,0x00000000e56f37b8,0x00000000e5800000)
  to   space 15360K, 0% used [0x00000000ece00000,0x00000000ece00000,0x00000000edd00000)
 ParOldGen       total 47104K, used 9208K [0x0000000081400000, 0x0000000084200000, 0x00000000d5c00000)
  object space 47104K, 19% used [0x0000000081400000,0x0000000081cfe1e0,0x0000000084200000)
 Metaspace       used 33594K, capacity 35380K, committed 35496K, reserved 1079296K
  class space    used 4430K, capacity 4794K, committed 4864K, reserved 1048576K
Event: 3.030 GC heap after
Heap after GC invocations=11 (full 2):
 PSYoungGen      total 258048K, used 0K [0x00000000d5c00000, 0x00000000edd00000, 0x0000000100000000)
  eden space 244224K, 0% used [0x00000000d5c00000,0x00000000d5c00000,0x00000000e4a80000)
  from space 13824K, 0% used [0x00000000e4a80000,0x00000000e4a80000,0x00000000e5800000)
  to   space 15360K, 0% used [0x00000000ece00000,0x00000000ece00000,0x00000000edd00000)
 ParOldGen       total 68608K, used 18002K [0x0000000081400000, 0x0000000085700000, 0x00000000d5c00000)
  object space 68608K, 26% used [0x0000000081400000,0x0000000082594be8,0x0000000085700000)
 Metaspace       used 33594K, capacity 35380K, committed 35496K, reserved 1079296K
  class space    used 4430K, capacity 4794K, committed 4864K, reserved 1048576K
}
Event: 5.174 GC heap before
{Heap before GC invocations=12 (full 2):
 PSYoungGen      total 258048K, used 244224K [0x00000000d5c00000, 0x00000000edd00000, 0x0000000100000000)
  eden space 244224K, 100% used [0x00000000d5c00000,0x00000000e4a80000,0x00000000e4a80000)
  from space 13824K, 0% used [0x00000000e4a80000,0x00000000e4a80000,0x00000000e5800000)
  to   space 15360K, 0% used [0x00000000ece00000,0x00000000ece00000,0x00000000edd00000)
 ParOldGen       total 68608K, used 18002K [0x0000000081400000, 0x0000000085700000, 0x00000000d5c00000)
  object space 68608K, 26% used [0x0000000081400000,0x0000000082594be8,0x0000000085700000)
 Metaspace       used 54353K, capacity 56920K, committed 57216K, reserved 1097728K
  class space    used 7470K, capacity 7968K, committed 8064K, reserved 1048576K
Event: 5.192 GC heap after
Heap after GC invocations=12 (full 2):
 PSYoungGen      total 366080K, used 15351K [0x00000000d5c00000, 0x00000000edd00000, 0x0000000100000000)
  eden space 350720K, 0% used [0x00000000d5c00000,0x00000000d5c00000,0x00000000eb280000)
  from space 15360K, 99% used [0x00000000ece00000,0x00000000edcfde78,0x00000000edd00000)
  to   space 21504K, 0% used [0x00000000eb300000,0x00000000eb300000,0x00000000ec800000)
 ParOldGen       total 68608K, used 28953K [0x0000000081400000, 0x0000000085700000, 0x00000000d5c00000)
  object space 68608K, 42% used [0x0000000081400000,0x00000000830464c0,0x0000000085700000)
 Metaspace       used 54353K, capacity 56920K, committed 57216K, reserved 1097728K
  class space    used 7470K, capacity 7968K, committed 8064K, reserved 1048576K
}
Event: 5.491 GC heap before
{Heap before GC invocations=13 (full 2):
 PSYoungGen      total 366080K, used 72552K [0x00000000d5c00000, 0x00000000edd00000, 0x0000000100000000)
  eden space 350720K, 16% used [0x00000000d5c00000,0x00000000d93dc348,0x00000000eb280000)
  from space 15360K, 99% used [0x00000000ece00000,0x00000000edcfde78,0x00000000edd00000)
  to   space 21504K, 0% used [0x00000000eb300000,0x00000000eb300000,0x00000000ec800000)
 ParOldGen       total 68608K, used 28953K [0x0000000081400000, 0x0000000085700000, 0x00000000d5c00000)
  object space 68608K, 42% used [0x0000000081400000,0x00000000830464c0,0x0000000085700000)
 Metaspace       used 56397K, capacity 59082K, committed 59160K, reserved 1099776K
  class space    used 7741K, capacity 8243K, committed 8320K, reserved 1048576K
Event: 5.499 GC heap after
Heap after GC invocations=13 (full 2):
 PSYoungGen      total 372736K, used 4727K [0x00000000d5c00000, 0x00000000f6b80000, 0x0000000100000000)
  eden space 351232K, 0% used [0x00000000d5c00000,0x00000000d5c00000,0x00000000eb300000)
  from space 21504K, 21% used [0x00000000eb300000,0x00000000eb79de40,0x00000000ec800000)
  to   space 20992K, 0% used [0x00000000f5700000,0x00000000f5700000,0x00000000f6b80000)
 ParOldGen       total 68608K, used 38311K [0x0000000081400000, 0x0000000085700000, 0x00000000d5c00000)
  object space 68608K, 55% used [0x0000000081400000,0x0000000083969fc0,0x0000000085700000)
 Metaspace       used 56397K, capacity 59082K, committed 59160K, reserved 1099776K
  class space    used 7741K, capacity 8243K, committed 8320K, reserved 1048576K
}
Event: 5.499 GC heap before
{Heap before GC invocations=14 (full 3):
 PSYoungGen      total 372736K, used 4727K [0x00000000d5c00000, 0x00000000f6b80000, 0x0000000100000000)
  eden space 351232K, 0% used [0x00000000d5c00000,0x00000000d5c00000,0x00000000eb300000)
  from space 21504K, 21% used [0x00000000eb300000,0x00000000eb79de40,0x00000000ec800000)
  to   space 20992K, 0% used [0x00000000f5700000,0x00000000f5700000,0x00000000f6b80000)
 ParOldGen       total 68608K, used 38311K [0x0000000081400000, 0x0000000085700000, 0x00000000d5c00000)
  object space 68608K, 55% used [0x0000000081400000,0x0000000083969fc0,0x0000000085700000)
 Metaspace       used 56397K, capacity 59082K, committed 59160K, reserved 1099776K
  class space    used 7741K, capacity 8243K, committed 8320K, reserved 1048576K
Event: 5.644 GC heap after
Heap after GC invocations=14 (full 3):
 PSYoungGen      total 372736K, used 0K [0x00000000d5c00000, 0x00000000f6b80000, 0x0000000100000000)
  eden space 351232K, 0% used [0x00000000d5c00000,0x00000000d5c00000,0x00000000eb300000)
  from space 21504K, 0% used [0x00000000eb300000,0x00000000eb300000,0x00000000ec800000)
  to   space 20992K, 0% used [0x00000000f5700000,0x00000000f5700000,0x00000000f6b80000)
 ParOldGen       total 96256K, used 28454K [0x0000000081400000, 0x0000000087200000, 0x00000000d5c00000)
  object space 96256K, 29% used [0x0000000081400000,0x0000000082fc9850,0x0000000087200000)
 Metaspace       used 56393K, capacity 59076K, committed 59160K, reserved 1099776K
  class space    used 7741K, capacity 8242K, committed 8320K, reserved 1048576K
}

